2026-06-20 14:06:06.711592 ==============================================================================
2026-06-20 14:06:06.718710 Tests
2026-06-20 14:06:06.718768 ==============================================================================
2026-06-20 14:06:06.718812 Tests.Api
2026-06-20 14:06:06.721154 ==============================================================================
2026-06-20 14:06:07.085867 Tests.Api.TC-API-01
2026-06-20 14:06:07.085867 [ ERROR ] Error in file 'C:\Users\aayus_ucf5jw3\OneDrive\Desktop\ParaBank Sprint\resources\keywords\api_keywords.robot' on line 8: Setting variable '${password}' failed: Recursive variable definition.
2026-06-20 14:06:07.139280 ==============================================================================
2026-06-20 14:06:07.139280 [ ERROR ] Error in file 'C:\Users\aayus_ucf5jw3\OneDrive\Desktop\ParaBank Sprint\resources\keywords\api_keywords.robot' on line 7: Setting variable '${username}' failed: Recursive variable definition.
2026-06-20 14:06:17.077550 TC-API-01 :: Test to get the customerId of the user                   200
2026-06-20 14:06:17.096335 [{'id': 14343, 'customerId': 12878, 'type': 'CHECKING', 'balance': 215.5}, {'id': 14787, 'customerId': 12878, 'type': 'CHECKING', 'balance': 100.0}, {'id': 14898, 'customerId': 12878, 'type': 'SAVINGS', 'balance': 100.0}, {'id': 15231, 'customerId': 12878, 'type': 'SAVINGS', 'balance': 100.0}]
2026-06-20 14:06:23.309832 | PASS |
2026-06-20 14:06:23.341529 ------------------------------------------------------------------------------
2026-06-20 14:06:23.341551 Tests.Api.TC-API-01                                                   | PASS |
2026-06-20 14:06:23.342349 1 test, 1 passed, 0 failed
2026-06-20 14:06:23.342427 ==============================================================================
2026-06-20 14:06:23.342450 Tests.Api                                                             | PASS |
2026-06-20 14:06:23.342886 1 test, 1 passed, 0 failed
2026-06-20 14:06:23.342961 ==============================================================================
2026-06-20 14:06:23.342985 Tests                                                                 | PASS |
2026-06-20 14:06:23.343353 1 test, 1 passed, 0 failed
2026-06-20 14:06:23.343417 ==============================================================================
2026-06-20 14:06:23.343435 Output:  C:\Users\aayus_ucf5jw3\OneDrive\Desktop\ParaBank Sprint\pabot_results\9\output.xml
