[INFO]    Initialized logging in reports\pabot_results
[INFO]    Robot Framework remote server at 127.0.0.1:8270 started.
[DEBUG]   Storing .pabotsuitenames file
[DEBUG]   2026-06-20 13:50:23.968284 [PID:16488] [0] [ID:0] EXECUTING Tests.1.Ui.TC-AC-UI-01
[DEBUG]   2026-06-20 13:50:23.968698 [PID:26988] [1] [ID:2] EXECUTING Tests.1.Ui.TC-AC-UI-03
[DEBUG]   2026-06-20 13:50:23.969940 [PID:23248] [2] [ID:1] EXECUTING Tests.1.Ui.TC-AC-UI-02
[DEBUG]   2026-06-20 13:50:29.067650 [PID:26988] [1] [ID:2] still running Tests.1.Ui.TC-AC-UI-03 after 5.0s
[DEBUG]   2026-06-20 13:50:29.067902 [PID:23248] [2] [ID:1] still running Tests.1.Ui.TC-AC-UI-02 after 5.0s
[DEBUG]   2026-06-20 13:50:29.860051 [PID:16488] [0] [ID:0] still running Tests.1.Ui.TC-AC-UI-01 after 5.0s
[DEBUG]   2026-06-20 13:50:39.175682 [PID:26988] [1] [ID:2] still running Tests.1.Ui.TC-AC-UI-03 after 15.0s
[DEBUG]   2026-06-20 13:50:39.176715 [PID:23248] [2] [ID:1] still running Tests.1.Ui.TC-AC-UI-02 after 15.0s
[DEBUG]   2026-06-20 13:50:39.914058 [PID:16488] [0] [ID:0] still running Tests.1.Ui.TC-AC-UI-01 after 15.0s
[DEBUG]   2026-06-20 13:50:54.235782 [PID:26988] [1] [ID:2] still running Tests.1.Ui.TC-AC-UI-03 after 30.0s
[DEBUG]   2026-06-20 13:50:54.237822 [PID:23248] [2] [ID:1] still running Tests.1.Ui.TC-AC-UI-02 after 30.0s
[DEBUG]   2026-06-20 13:50:54.970562 [PID:16488] [0] [ID:0] still running Tests.1.Ui.TC-AC-UI-01 after 30.0s
[INFO]    2026-06-20 13:51:00.467279 [PID:23248] [2] [ID:1] Execution failed in Tests.1.Ui.TC-AC-UI-02 with 1 failing test(s)
==============================================================================
Tests
==============================================================================
Tests.1.Ui
==============================================================================
Tests.1.Ui.TC-AC-UI-02
==============================================================================
TC-AC-UI-01 :: Test to validate that user can create a checking ac... | FAIL |
Element with locator 'xpath=//a[text()='Open New Account']' not found.
------------------------------------------------------------------------------
Tests.1.Ui.TC-AC-UI-02                                                | FAIL |
1 test, 0 passed, 1 failed
==============================================================================
Tests.1.Ui                                                            | FAIL |
1 test, 0 passed, 1 failed
==============================================================================
Tests                                                                 | FAIL |
1 test, 0 passed, 1 failed
==============================================================================
Output:  C:\Users\aayus_ucf5jw3\OneDrive\Desktop\ParaBank Sprint\reports\pabot_results\1\output.xml
[DEBUG]   2026-06-20 13:51:00.484923 [PID:3032] [0] [ID:3] EXECUTING Tests.1.Ui.TC-AO-UI-01
[INFO]    2026-06-20 13:51:00.498673 [PID:26988] [1] [ID:2] Execution failed in Tests.1.Ui.TC-AC-UI-03 with 1 failing test(s)
==============================================================================
Tests
==============================================================================
Tests.1.Ui
==============================================================================
Tests.1.Ui.TC-AC-UI-03
==============================================================================
TC-AC-UI-03 :: Test to validate that user can create a money marke... | FAIL |
Element with locator 'xpath=//a[text()='Open New Account']' not found.
------------------------------------------------------------------------------
Tests.1.Ui.TC-AC-UI-03                                                | FAIL |
1 test, 0 passed, 1 failed
==============================================================================
Tests.1.Ui                                                            | FAIL |
1 test, 0 passed, 1 failed
==============================================================================
Tests                                                                 | FAIL |
1 test, 0 passed, 1 failed
==============================================================================
Output:  C:\Users\aayus_ucf5jw3\OneDrive\Desktop\ParaBank Sprint\reports\pabot_results\2\output.xml
[DEBUG]   2026-06-20 13:51:00.512950 [PID:9096] [1] [ID:4] EXECUTING Tests.1.Ui.TC-AO-UI-02
[DEBUG]   2026-06-20 13:51:05.534055 [PID:3032] [0] [ID:3] still running Tests.1.Ui.TC-AO-UI-01 after 5.0s
[DEBUG]   2026-06-20 13:51:05.576585 [PID:9096] [1] [ID:4] still running Tests.1.Ui.TC-AO-UI-02 after 5.0s
[INFO]    2026-06-20 13:51:11.526366 [PID:16488] [0] [ID:0] PASSED Tests.1.Ui.TC-AC-UI-01 in 47.5 seconds
[DEBUG]   2026-06-20 13:51:11.542082 [PID:21352] [2] [ID:5] EXECUTING Tests.1.Ui.TC-LG-UI-01
[DEBUG]   2026-06-20 13:51:15.586310 [PID:3032] [0] [ID:3] still running Tests.1.Ui.TC-AO-UI-01 after 15.0s
[DEBUG]   2026-06-20 13:51:15.642414 [PID:9096] [1] [ID:4] still running Tests.1.Ui.TC-AO-UI-02 after 15.0s
[DEBUG]   2026-06-20 13:51:16.569484 [PID:21352] [2] [ID:5] still running Tests.1.Ui.TC-LG-UI-01 after 5.0s
[INFO]    2026-06-20 13:51:18.001224 [PID:3032] [0] [ID:3] PASSED Tests.1.Ui.TC-AO-UI-01 in 17.5 seconds
[DEBUG]   2026-06-20 13:51:18.015994 [PID:17268] [0] [ID:6] EXECUTING Tests.1.Ui.TC-REG-UI-01
[DEBUG]   2026-06-20 13:51:23.043659 [PID:17268] [0] [ID:6] still running Tests.1.Ui.TC-REG-UI-01 after 5.0s
[DEBUG]   2026-06-20 13:51:26.650268 [PID:21352] [2] [ID:5] still running Tests.1.Ui.TC-LG-UI-01 after 15.0s
[INFO]    2026-06-20 13:51:28.886140 [PID:9096] [1] [ID:4] PASSED Tests.1.Ui.TC-AO-UI-02 in 28.3 seconds
[DEBUG]   2026-06-20 13:51:28.904175 [PID:18352] [1] [ID:7] EXECUTING Tests.1.Ui.TC-REG-UI-03
[INFO]    2026-06-20 13:51:31.799944 [PID:21352] [2] [ID:5] PASSED Tests.1.Ui.TC-LG-UI-01 in 20.3 seconds
[DEBUG]   2026-06-20 13:51:31.815443 [PID:16568] [2] [ID:8] EXECUTING Tests.1.Ui.TC-TF-UI-01
[DEBUG]   2026-06-20 13:51:33.109646 [PID:17268] [0] [ID:6] still running Tests.1.Ui.TC-REG-UI-01 after 15.0s
[DEBUG]   2026-06-20 13:51:33.927967 [PID:18352] [1] [ID:7] still running Tests.1.Ui.TC-REG-UI-03 after 5.0s
[DEBUG]   2026-06-20 13:51:36.878911 [PID:16568] [2] [ID:8] still running Tests.1.Ui.TC-TF-UI-01 after 5.0s
[INFO]    2026-06-20 13:51:37.998798 [PID:17268] [0] [ID:6] PASSED Tests.1.Ui.TC-REG-UI-01 in 20.0 seconds
[DEBUG]   2026-06-20 13:51:38.014821 [PID:3144] [0] [ID:9] EXECUTING Tests.Api.TC-API-01
[DEBUG]   2026-06-20 13:51:43.038979 [PID:3144] [0] [ID:9] still running Tests.Api.TC-API-01 after 5.0s
[DEBUG]   2026-06-20 13:51:44.023954 [PID:18352] [1] [ID:7] still running Tests.1.Ui.TC-REG-UI-03 after 15.0s
[INFO]    2026-06-20 13:51:46.865338 [PID:18352] [1] [ID:7] PASSED Tests.1.Ui.TC-REG-UI-03 in 18.0 seconds
[DEBUG]   2026-06-20 13:51:46.876718 [PID:22108] [1] [ID:10] EXECUTING Tests.Api.TC-API-02
[DEBUG]   2026-06-20 13:51:47.022453 [PID:16568] [2] [ID:8] still running Tests.1.Ui.TC-TF-UI-01 after 15.0s
[DEBUG]   2026-06-20 13:51:51.901728 [PID:22108] [1] [ID:10] still running Tests.Api.TC-API-02 after 5.0s
[DEBUG]   2026-06-20 13:51:53.129513 [PID:3144] [0] [ID:9] still running Tests.Api.TC-API-01 after 15.0s
[INFO]    2026-06-20 13:51:58.553471 [PID:3144] [0] [ID:9] PASSED Tests.Api.TC-API-01 in 20.5 seconds
[DEBUG]   2026-06-20 13:51:58.560511 [PID:10448] [2] [ID:11] EXECUTING Tests.Api.TC-API-03
[DEBUG]   2026-06-20 13:52:01.933628 [PID:22108] [1] [ID:10] still running Tests.Api.TC-API-02 after 15.0s
[DEBUG]   2026-06-20 13:52:02.082193 [PID:16568] [2] [ID:8] still running Tests.1.Ui.TC-TF-UI-01 after 30.0s
[DEBUG]   2026-06-20 13:52:03.578928 [PID:10448] [2] [ID:11] still running Tests.Api.TC-API-03 after 5.0s
[INFO]    2026-06-20 13:52:09.562908 [PID:22108] [1] [ID:10] PASSED Tests.Api.TC-API-02 in 22.7 seconds
[DEBUG]   2026-06-20 13:52:09.569946 [PID:5268] [0] [ID:12] EXECUTING Tests.Api.TC-API-04
[DEBUG]   2026-06-20 13:52:13.608782 [PID:10448] [2] [ID:11] still running Tests.Api.TC-API-03 after 15.0s
[DEBUG]   2026-06-20 13:52:14.585064 [PID:5268] [0] [ID:12] still running Tests.Api.TC-API-04 after 5.0s
[INFO]    2026-06-20 13:52:17.434033 [PID:10448] [2] [ID:11] PASSED Tests.Api.TC-API-03 in 18.9 seconds
[DEBUG]   2026-06-20 13:52:17.442677 [PID:20648] [1] [ID:13] EXECUTING Tests.Api.TC-API-05
[DEBUG]   2026-06-20 13:52:22.171219 [PID:16568] [2] [ID:8] still running Tests.1.Ui.TC-TF-UI-01 after 50.0s
[DEBUG]   2026-06-20 13:52:22.461226 [PID:20648] [1] [ID:13] still running Tests.Api.TC-API-05 after 5.0s
[DEBUG]   2026-06-20 13:52:24.635101 [PID:5268] [0] [ID:12] still running Tests.Api.TC-API-04 after 15.0s
[INFO]    2026-06-20 13:52:27.592942 [PID:16568] [2] [ID:8] PASSED Tests.1.Ui.TC-TF-UI-01 in 55.8 seconds
[DEBUG]   2026-06-20 13:52:27.600256 [PID:27180] [2] [ID:14] EXECUTING Tests.Hybrid.TC-E2E-01
[DEBUG]   2026-06-20 13:52:32.493263 [PID:20648] [1] [ID:13] still running Tests.Api.TC-API-05 after 15.0s
[DEBUG]   2026-06-20 13:52:32.616507 [PID:27180] [2] [ID:14] still running Tests.Hybrid.TC-E2E-01 after 5.0s
[DEBUG]   2026-06-20 13:52:39.687664 [PID:5268] [0] [ID:12] still running Tests.Api.TC-API-04 after 30.0s
[INFO]    2026-06-20 13:52:40.230094 [PID:20648] [1] [ID:13] PASSED Tests.Api.TC-API-05 in 22.8 seconds
[DEBUG]   2026-06-20 13:52:40.237244 [PID:9464] [0] [ID:15] EXECUTING Tests.Hybrid.TC-E2E-02
[DEBUG]   2026-06-20 13:52:42.650193 [PID:27180] [2] [ID:14] still running Tests.Hybrid.TC-E2E-01 after 15.0s
[DEBUG]   2026-06-20 13:52:45.258646 [PID:9464] [0] [ID:15] still running Tests.Hybrid.TC-E2E-02 after 5.0s
[INFO]    2026-06-20 13:52:50.892323 [PID:27180] [2] [ID:14] PASSED Tests.Hybrid.TC-E2E-01 in 23.3 seconds
[DEBUG]   2026-06-20 13:52:50.899531 [PID:13204] [1] [ID:16] EXECUTING Tests.Negative.TC-API-NEG-01
[DEBUG]   2026-06-20 13:52:55.314191 [PID:9464] [0] [ID:15] still running Tests.Hybrid.TC-E2E-02 after 15.0s
[DEBUG]   2026-06-20 13:52:55.916176 [PID:13204] [1] [ID:16] still running Tests.Negative.TC-API-NEG-01 after 5.0s
[DEBUG]   2026-06-20 13:52:59.763477 [PID:5268] [0] [ID:12] still running Tests.Api.TC-API-04 after 50.0s
[DEBUG]   2026-06-20 13:53:05.952497 [PID:13204] [1] [ID:16] still running Tests.Negative.TC-API-NEG-01 after 15.0s
[INFO]    2026-06-20 13:53:08.674630 [PID:13204] [1] [ID:16] PASSED Tests.Negative.TC-API-NEG-01 in 17.8 seconds
[DEBUG]   2026-06-20 13:53:08.681987 [PID:10396] [2] [ID:17] EXECUTING Tests.Negative.TC-REG-NEG-04
[DEBUG]   2026-06-20 13:53:10.374697 [PID:9464] [0] [ID:15] still running Tests.Hybrid.TC-E2E-02 after 30.0s
[DEBUG]   2026-06-20 13:53:13.696778 [PID:10396] [2] [ID:17] still running Tests.Negative.TC-REG-NEG-04 after 5.0s
[INFO]    2026-06-20 13:53:16.901852 [PID:9464] [0] [ID:15] PASSED Tests.Hybrid.TC-E2E-02 in 36.7 seconds
[DEBUG]   2026-06-20 13:53:16.908690 [PID:26308] [0] [ID:18] EXECUTING Tests.Negative.TC-REG-UI-02
[INFO]    2026-06-20 13:53:21.735095 [PID:10396] [2] [ID:17] PASSED Tests.Negative.TC-REG-NEG-04 in 13.1 seconds
[DEBUG]   2026-06-20 13:53:21.742197 [PID:22780] [1] [ID:19] EXECUTING Tests.Negative.TC-REG-UI-04
[DEBUG]   2026-06-20 13:53:21.931331 [PID:26308] [0] [ID:18] still running Tests.Negative.TC-REG-UI-02 after 5.0s
[DEBUG]   2026-06-20 13:53:24.859536 [PID:5268] [0] [ID:12] still running Tests.Api.TC-API-04 after 75.0s
[DEBUG]   2026-06-20 13:53:26.759433 [PID:22780] [1] [ID:19] still running Tests.Negative.TC-REG-UI-04 after 5.0s
[INFO]    2026-06-20 13:53:31.168118 [PID:26308] [0] [ID:18] PASSED Tests.Negative.TC-REG-UI-02 in 14.3 seconds
[DEBUG]   2026-06-20 13:53:31.174954 [PID:24988] [2] [ID:20] EXECUTING Tests.Negative.TC-TF-NEG-01
[DEBUG]   2026-06-20 13:53:36.196758 [PID:24988] [2] [ID:20] still running Tests.Negative.TC-TF-NEG-01 after 5.0s
[DEBUG]   2026-06-20 13:53:36.802541 [PID:22780] [1] [ID:19] still running Tests.Negative.TC-REG-UI-04 after 15.0s
[INFO]    2026-06-20 13:53:38.011512 [PID:22780] [1] [ID:19] PASSED Tests.Negative.TC-REG-UI-04 in 16.3 seconds
[DEBUG]   2026-06-20 13:53:38.018767 [PID:25280] [0] [ID:21] EXECUTING Tests.Negative.TC-TF-NEG-02
[DEBUG]   2026-06-20 13:53:43.039316 [PID:25280] [0] [ID:21] still running Tests.Negative.TC-TF-NEG-02 after 5.0s
[DEBUG]   2026-06-20 13:53:46.231582 [PID:24988] [2] [ID:20] still running Tests.Negative.TC-TF-NEG-01 after 15.0s
[INFO]    2026-06-20 13:53:52.071351 [PID:25280] [0] [ID:21] PASSED Tests.Negative.TC-TF-NEG-02 in 14.1 seconds
[DEBUG]   2026-06-20 13:53:54.999619 [PID:5268] [0] [ID:12] still running Tests.Api.TC-API-04 after 105.0s
[DEBUG]   2026-06-20 13:54:01.293460 [PID:24988] [2] [ID:20] still running Tests.Negative.TC-TF-NEG-01 after 30.0s
[INFO]    2026-06-20 13:54:11.239455 [PID:24988] [2] [ID:20] PASSED Tests.Negative.TC-TF-NEG-01 in 40.1 seconds
[DEBUG]   2026-06-20 13:54:30.149078 [PID:5268] [0] [ID:12] still running Tests.Api.TC-API-04 after 140.0s
[DEBUG]   2026-06-20 13:55:10.322969 [PID:5268] [0] [ID:12] still running Tests.Api.TC-API-04 after 180.0s
[DEBUG]   2026-06-20 13:55:55.517693 [PID:5268] [0] [ID:12] still running Tests.Api.TC-API-04 after 225.0s
[DEBUG]   2026-06-20 13:56:45.735167 [PID:5268] [0] [ID:12] still running Tests.Api.TC-API-04 after 275.0s
[DEBUG]   2026-06-20 13:57:40.959763 [PID:5268] [0] [ID:12] still running Tests.Api.TC-API-04 after 330.0s
[DEBUG]   2026-06-20 13:58:41.176182 [PID:5268] [0] [ID:12] still running Tests.Api.TC-API-04 after 390.0s
[WARNING] [ INTERRUPT ] Ctrl+C pressed - initiating graceful shutdown...
[WARNING] 2026-06-20 13:59:28.869152 [PID:5268] [0] [ID:12] Process Tests.Api.TC-API-04 interrupted by user (Ctrl+C)
[DEBUG]   [ProcessManager] Terminating process tree PID=5268
[DEBUG]   2026-06-20 13:59:28.869152 [PID:5268] [0] [ID:12] Starting dry run to mark test as failed due to user interrupt: robot --dryrun --exitonerror --listener C:\Users\aayus_ucf5jw3\AppData\Local\Programs\Python\Python313\Lib\site-packages\pabot\listener\interrupt_listener.py -A reports\pabot_results\12\robot_argfile.txt
[INFO]    2026-06-20 13:59:29.855960 [PID:5268] [0] [ID:12] Execution failed in Tests.Api.TC-API-04 with -1 failing test(s)
==============================================================================
Tests
==============================================================================
Tests.Api
==============================================================================
Tests.Api.TC-API-04
==============================================================================
TC-API-04 :: Testcase to vrify the funds tranfdered between two ac... 22335
23667

[ ERROR ] Error in file 'C:\Users\aayus_ucf5jw3\OneDrive\Desktop\ParaBank Sprint\resources\keywords\api_keywords.robot' on line 8: Setting variable '${password}' failed: Recursive variable definition.
[ ERROR ] Error in file 'C:\Users\aayus_ucf5jw3\OneDrive\Desktop\ParaBank Sprint\resources\keywords\api_keywords.robot' on line 7: Setting variable '${username}' failed: Recursive variable definition.
[INFO]    22 tests, 19 passed, 3 failed, 0 skipped.
[INFO]    ===================================================
[INFO]    Output:  C:\Users\aayus_ucf5jw3\OneDrive\Desktop\ParaBank Sprint\reports\output.xml
[INFO]    Log:     C:\Users\aayus_ucf5jw3\OneDrive\Desktop\ParaBank Sprint\reports\log.html
[INFO]    Report:  C:\Users\aayus_ucf5jw3\OneDrive\Desktop\ParaBank Sprint\reports\report.html
[ERROR]   [ ERROR ] Execution stopped by user (Ctrl+C)
[DEBUG]   Finalizing Pabot execution...
[DEBUG]   Stopping PabotLib process
[INFO]    Robot Framework remote server at 127.0.0.1:8270 stopped.
[DEBUG]   PabotLib process stopped
[INFO]    Total testing: 16 minutes 21.20 seconds
[INFO]    Elapsed time:  9 minutes 7.78 seconds
[DEBUG]   Logs flushed successfully.
