2026-06-20 14:07:04.063011 ==============================================================================
2026-06-20 14:07:04.081507 Tests
2026-06-20 14:07:04.081550 ==============================================================================
2026-06-20 14:07:04.081578 Tests.Api
2026-06-20 14:07:04.082498 ==============================================================================
2026-06-20 14:07:04.458888 Tests.Api.TC-API-05
2026-06-20 14:07:04.458888 [ ERROR ] Error in file 'C:\Users\aayus_ucf5jw3\OneDrive\Desktop\ParaBank Sprint\resources\keywords\api_keywords.robot' on line 8: Setting variable '${password}' failed: Recursive variable definition.
2026-06-20 14:07:04.465034 ==============================================================================
2026-06-20 14:07:04.465034 [ ERROR ] Error in file 'C:\Users\aayus_ucf5jw3\OneDrive\Desktop\ParaBank Sprint\resources\keywords\api_keywords.robot' on line 7: Setting variable '${username}' failed: Recursive variable definition.
2026-06-20 14:07:16.473504 TC-API-04 :: Testcase to verify json response fields                  200
2026-06-20 14:07:16.510667 [{'id': 14343, 'customerId': 12878, 'type': 'CHECKING', 'balance': -184.5}, {'id': 14787, 'customerId': 12878, 'type': 'CHECKING', 'balance': 300.0}, {'id': 14898, 'customerId': 12878, 'type': 'SAVINGS', 'balance': 100.0}, {'id': 15231, 'customerId': 12878, 'type': 'SAVINGS', 'balance': 100.0}, {'id': 15564, 'customerId': 12878, 'type': 'SAVINGS', 'balance': 100.0}, {'id': 15675, 'customerId': 12878, 'type': 'SAVINGS', 'balance': 100.0}]
2026-06-20 14:07:17.740135 Required fields are present in the response.
2026-06-20 14:07:25.512785 | PASS |
2026-06-20 14:07:25.560475 ------------------------------------------------------------------------------
2026-06-20 14:07:25.560499 Tests.Api.TC-API-05                                                   | PASS |
2026-06-20 14:07:25.561167 1 test, 1 passed, 0 failed
2026-06-20 14:07:25.561181 ==============================================================================
2026-06-20 14:07:25.561192 Tests.Api                                                             | PASS |
2026-06-20 14:07:25.561534 1 test, 1 passed, 0 failed
2026-06-20 14:07:25.561577 ==============================================================================
2026-06-20 14:07:25.561587 Tests                                                                 | PASS |
2026-06-20 14:07:25.561845 1 test, 1 passed, 0 failed
2026-06-20 14:07:25.561906 ==============================================================================
2026-06-20 14:07:25.561927 Output:  C:\Users\aayus_ucf5jw3\OneDrive\Desktop\ParaBank Sprint\pabot_results\13\output.xml
