2026-06-20 14:06:57.881044 ==============================================================================
2026-06-20 14:06:57.940621 Tests
2026-06-20 14:06:57.940662 ==============================================================================
2026-06-20 14:06:57.940690 Tests.Api
2026-06-20 14:06:57.941633 ==============================================================================
2026-06-20 14:06:58.196328 Tests.Api.TC-API-04
2026-06-20 14:06:58.196328 [ ERROR ] Error in file 'C:\Users\aayus_ucf5jw3\OneDrive\Desktop\ParaBank Sprint\resources\keywords\api_keywords.robot' on line 8: Setting variable '${password}' failed: Recursive variable definition.
2026-06-20 14:06:58.244671 ==============================================================================
2026-06-20 14:06:58.244671 [ ERROR ] Error in file 'C:\Users\aayus_ucf5jw3\OneDrive\Desktop\ParaBank Sprint\resources\keywords\api_keywords.robot' on line 7: Setting variable '${username}' failed: Recursive variable definition.
2026-06-20 14:07:14.140672 TC-API-04 :: Testcase to vrify the funds tranfdered between two ac... 14343
2026-06-20 14:07:14.198128 15675
2026-06-20 14:07:16.905438 200
2026-06-20 14:07:16.926729 [{'id': 14343, 'customerId': 12878, 'type': 'CHECKING', 'balance': -184.5}, {'id': 14787, 'customerId': 12878, 'type': 'CHECKING', 'balance': 300.0}, {'id': 14898, 'customerId': 12878, 'type': 'SAVINGS', 'balance': 100.0}, {'id': 15231, 'customerId': 12878, 'type': 'SAVINGS', 'balance': 100.0}, {'id': 15564, 'customerId': 12878, 'type': 'SAVINGS', 'balance': 100.0}, {'id': 15675, 'customerId': 12878, 'type': 'SAVINGS', 'balance': 100.0}]
2026-06-20 14:07:21.150207 -184.5
2026-06-20 14:07:21.166224 -184.5
2026-06-20 14:07:24.642530 -284.5
2026-06-20 14:07:24.664151 -284.5
2026-06-20 14:07:30.874262 | PASS |
2026-06-20 14:07:30.920227 ------------------------------------------------------------------------------
2026-06-20 14:07:30.920245 Tests.Api.TC-API-04                                                   | PASS |
2026-06-20 14:07:30.921161 1 test, 1 passed, 0 failed
2026-06-20 14:07:30.921179 ==============================================================================
2026-06-20 14:07:30.921190 Tests.Api                                                             | PASS |
2026-06-20 14:07:30.921676 1 test, 1 passed, 0 failed
2026-06-20 14:07:30.921707 ==============================================================================
2026-06-20 14:07:30.921730 Tests                                                                 | PASS |
2026-06-20 14:07:30.922097 1 test, 1 passed, 0 failed
2026-06-20 14:07:30.922172 ==============================================================================
2026-06-20 14:07:30.922189 Output:  C:\Users\aayus_ucf5jw3\OneDrive\Desktop\ParaBank Sprint\pabot_results\12\output.xml
