==============================================================================
Tests
==============================================================================
Tests.Hybrid
==============================================================================
Tests.Hybrid.TC-E2E-02
==============================================================================
TC-E2E-02 :: Testcase to vrify the funds tranfered between two acc... 14343
16452
200
[{'id': 14343, 'customerId': 12878, 'type': 'CHECKING', 'balance': -484.5}, {'id': 14787, 'customerId': 12878, 'type': 'CHECKING', 'balance': 300.0}, {'id': 14898, 'customerId': 12878, 'type': 'SAVINGS', 'balance': 100.0}, {'id': 15231, 'customerId': 12878, 'type': 'SAVINGS', 'balance': 100.0}, {'id': 15564, 'customerId': 12878, 'type': 'SAVINGS', 'balance': 100.0}, {'id': 15675, 'customerId': 12878, 'type': 'SAVINGS', 'balance': 200.0}, {'id': 16119, 'customerId': 12878, 'type': 'SAVINGS', 'balance': 100.0}, {'id': 16452, 'customerId': 12878, 'type': 'SAVINGS', 'balance': 100.0}]
-484.5
-484.5
-584.5
-584.5
| PASS |
------------------------------------------------------------------------------
Tests.Hybrid.TC-E2E-02                                                | PASS |
1 test, 1 passed, 0 failed
==============================================================================
Tests.Hybrid                                                          | PASS |
1 test, 1 passed, 0 failed
==============================================================================
Tests                                                                 | PASS |
1 test, 1 passed, 0 failed
==============================================================================
Output:  C:\Users\aayus_ucf5jw3\OneDrive\Desktop\ParaBank Sprint\pabot_results\15\output.xml
