2026-06-20 14:07:26.136602 ==============================================================================
2026-06-20 14:07:26.175693 Tests
2026-06-20 14:07:26.175735 ==============================================================================
2026-06-20 14:07:26.175763 Tests.Hybrid
2026-06-20 14:07:26.176778 ==============================================================================
2026-06-20 14:07:26.480779 Tests.Hybrid.TC-E2E-01
2026-06-20 14:07:26.480779 [ ERROR ] Error in file 'C:\Users\aayus_ucf5jw3\OneDrive\Desktop\ParaBank Sprint\resources\keywords\api_keywords.robot' on line 8: Setting variable '${password}' failed: Recursive variable definition.
2026-06-20 14:07:26.505854 ==============================================================================
2026-06-20 14:07:26.505854 [ ERROR ] Error in file 'C:\Users\aayus_ucf5jw3\OneDrive\Desktop\ParaBank Sprint\resources\keywords\api_keywords.robot' on line 7: Setting variable '${username}' failed: Recursive variable definition.
2026-06-20 14:07:40.462253 TC-E2E-01 :: verify Ui and API                                        Account Number = 16119
2026-06-20 14:07:41.801947 Account successfully verified through API.
2026-06-20 14:07:48.048739 | PASS |
2026-06-20 14:07:48.079565 ------------------------------------------------------------------------------
2026-06-20 14:07:48.079935 Tests.Hybrid.TC-E2E-01                                                | PASS |
2026-06-20 14:07:48.080336 1 test, 1 passed, 0 failed
2026-06-20 14:07:48.080383 ==============================================================================
2026-06-20 14:07:48.080446 Tests.Hybrid                                                          | PASS |
2026-06-20 14:07:48.080886 1 test, 1 passed, 0 failed
2026-06-20 14:07:48.080957 ==============================================================================
2026-06-20 14:07:48.080973 Tests                                                                 | PASS |
2026-06-20 14:07:48.081285 1 test, 1 passed, 0 failed
2026-06-20 14:07:48.081355 ==============================================================================
2026-06-20 14:07:48.081371 Output:  C:\Users\aayus_ucf5jw3\OneDrive\Desktop\ParaBank Sprint\pabot_results\14\output.xml
