==============================================================================
Tests
==============================================================================
Tests.Hybrid
==============================================================================
Tests.Hybrid.TC-E2E-01
==============================================================================
TC-E2E-01 :: verify Ui and API                                        Account Number = 16119
Account successfully verified through API.
| PASS |
------------------------------------------------------------------------------
Tests.Hybrid.TC-E2E-01                                                | PASS |
1 test, 1 passed, 0 failed
==============================================================================
Tests.Hybrid                                                          | PASS |
1 test, 1 passed, 0 failed
==============================================================================
Tests                                                                 | PASS |
1 test, 1 passed, 0 failed
==============================================================================
Output:  C:\Users\aayus_ucf5jw3\OneDrive\Desktop\ParaBank Sprint\pabot_results\14\output.xml
