==============================================================================
Tests
==============================================================================
Tests.1.Ui
==============================================================================
Tests.1.Ui.TC-AC-UI-01
==============================================================================
TC-AC-UI-02 :: Test to validate that user can create a savings acc... | FAIL |
Element with locator 'xpath=//a[text()='Open New Account']' not found.
------------------------------------------------------------------------------
Tests.1.Ui.TC-AC-UI-01                                                | FAIL |
1 test, 0 passed, 1 failed
==============================================================================
Tests.1.Ui                                                            | FAIL |
1 test, 0 passed, 1 failed
==============================================================================
Tests                                                                 | FAIL |
1 test, 0 passed, 1 failed
==============================================================================
Output:  C:\Users\aayus_ucf5jw3\OneDrive\Desktop\ParaBank Sprint\pabot_results\0\output.xml
