2026-06-20 14:04:26.090195 ==============================================================================
2026-06-20 14:04:26.141152 Tests
2026-06-20 14:04:26.141256 ==============================================================================
2026-06-20 14:04:26.141335 Tests.1.Ui
2026-06-20 14:04:26.143448 ==============================================================================
2026-06-20 14:04:26.640582 Tests.1.Ui.TC-AC-UI-01
2026-06-20 14:04:26.697923 ==============================================================================
2026-06-20 14:04:57.092902 TC-AC-UI-02 :: Test to validate that user can create a savings acc... | FAIL |
2026-06-20 14:04:57.141021 Element with locator 'xpath=//a[text()='Open New Account']' not found.
2026-06-20 14:04:57.141103 ------------------------------------------------------------------------------
2026-06-20 14:04:57.141553 Tests.1.Ui.TC-AC-UI-01                                                | FAIL |
2026-06-20 14:04:57.142670 1 test, 0 passed, 1 failed
2026-06-20 14:04:57.142777 ==============================================================================
2026-06-20 14:04:57.142826 Tests.1.Ui                                                            | FAIL |
2026-06-20 14:04:57.143622 1 test, 0 passed, 1 failed
2026-06-20 14:04:57.143674 ==============================================================================
2026-06-20 14:04:57.143743 Tests                                                                 | FAIL |
2026-06-20 14:04:57.144429 1 test, 0 passed, 1 failed
2026-06-20 14:04:57.144519 ==============================================================================
2026-06-20 14:04:57.144550 Output:  C:\Users\aayus_ucf5jw3\OneDrive\Desktop\ParaBank Sprint\pabot_results\0\output.xml
