==============================================================================
Tests
==============================================================================
Tests.Negative
==============================================================================
Tests.Negative.TC-API-NEG-01
==============================================================================
TC-API-NEG-01 :: Testcase to vrify the funds tranfdered between tw... 400
| PASS |
------------------------------------------------------------------------------
Tests.Negative.TC-API-NEG-01                                          | PASS |
1 test, 1 passed, 0 failed
==============================================================================
Tests.Negative                                                        | PASS |
1 test, 1 passed, 0 failed
==============================================================================
Tests                                                                 | PASS |
1 test, 1 passed, 0 failed
==============================================================================
Output:  C:\Users\aayus_ucf5jw3\OneDrive\Desktop\ParaBank Sprint\pabot_results\16\output.xml
