==============================================================================
Tests
==============================================================================
Tests.Api
==============================================================================
Tests.Api.TC-API-02
==============================================================================
TC-API-02 :: Test to get the customerId of the user                   200
[{'id': 14343, 'customerId': 12878, 'type': 'CHECKING', 'balance': 115.5}, {'id': 14787, 'customerId': 12878, 'type': 'CHECKING', 'balance': 100.0}, {'id': 14898, 'customerId': 12878, 'type': 'SAVINGS', 'balance': 100.0}, {'id': 15231, 'customerId': 12878, 'type': 'SAVINGS', 'balance': 100.0}, {'id': 15564, 'customerId': 12878, 'type': 'SAVINGS', 'balance': 100.0}]
| PASS |
------------------------------------------------------------------------------
Tests.Api.TC-API-02                                                   | PASS |
1 test, 1 passed, 0 failed
==============================================================================
Tests.Api                                                             | PASS |
1 test, 1 passed, 0 failed
==============================================================================
Tests                                                                 | PASS |
1 test, 1 passed, 0 failed
==============================================================================
Output:  C:\Users\aayus_ucf5jw3\OneDrive\Desktop\ParaBank Sprint\pabot_results\10\output.xml
