2026-06-20 14:06:23.977949 ==============================================================================
2026-06-20 14:06:23.993800 Tests
2026-06-20 14:06:23.993838 ==============================================================================
2026-06-20 14:06:23.993863 Tests.Api
2026-06-20 14:06:23.994968 ==============================================================================
2026-06-20 14:06:24.242237 Tests.Api.TC-API-02
2026-06-20 14:06:24.242237 [ ERROR ] Error in file 'C:\Users\aayus_ucf5jw3\OneDrive\Desktop\ParaBank Sprint\resources\keywords\api_keywords.robot' on line 8: Setting variable '${password}' failed: Recursive variable definition.
2026-06-20 14:06:24.286100 ==============================================================================
2026-06-20 14:06:24.286100 [ ERROR ] Error in file 'C:\Users\aayus_ucf5jw3\OneDrive\Desktop\ParaBank Sprint\resources\keywords\api_keywords.robot' on line 7: Setting variable '${username}' failed: Recursive variable definition.
2026-06-20 14:06:35.191557 TC-API-02 :: Test to get the customerId of the user                   200
2026-06-20 14:06:35.209772 [{'id': 14343, 'customerId': 12878, 'type': 'CHECKING', 'balance': 115.5}, {'id': 14787, 'customerId': 12878, 'type': 'CHECKING', 'balance': 100.0}, {'id': 14898, 'customerId': 12878, 'type': 'SAVINGS', 'balance': 100.0}, {'id': 15231, 'customerId': 12878, 'type': 'SAVINGS', 'balance': 100.0}, {'id': 15564, 'customerId': 12878, 'type': 'SAVINGS', 'balance': 100.0}]
2026-06-20 14:06:42.887675 | PASS |
2026-06-20 14:06:42.919577 ------------------------------------------------------------------------------
2026-06-20 14:06:42.919596 Tests.Api.TC-API-02                                                   | PASS |
2026-06-20 14:06:42.920313 1 test, 1 passed, 0 failed
2026-06-20 14:06:42.920410 ==============================================================================
2026-06-20 14:06:42.920431 Tests.Api                                                             | PASS |
2026-06-20 14:06:42.920871 1 test, 1 passed, 0 failed
2026-06-20 14:06:42.920952 ==============================================================================
2026-06-20 14:06:42.920974 Tests                                                                 | PASS |
2026-06-20 14:06:42.921326 1 test, 1 passed, 0 failed
2026-06-20 14:06:42.921413 ==============================================================================
2026-06-20 14:06:42.921440 Output:  C:\Users\aayus_ucf5jw3\OneDrive\Desktop\ParaBank Sprint\pabot_results\10\output.xml
